<?xml version="1.0" encoding="UTF-8"?>
<testng-results ignored="0" total="1" passed="1" failed="0" skipped="0">
  <reporter-output>
  </reporter-output>
  <suite started-at="2020-05-03T13:30:08 IST" name="project Cognizant :Trivago" finished-at="2020-05-03T13:31:55 IST" duration-ms="106623">
    <groups>
    </groups>
    <test started-at="2020-05-03T13:30:08 IST" name="cognizant excel problemTwo testCase" finished-at="2020-05-03T13:31:55 IST" duration-ms="106623">
      <class name="com.Testcases.AvailabilityCheck">
        <test-method signature="bookingTestacaseOne()[pri:1, instance:com.Testcases.AvailabilityCheck@6dbb137d]" started-at="2020-05-03T13:30:08 IST" name="bookingTestacaseOne" finished-at="2020-05-03T13:31:55 IST" duration-ms="106546" status="PASS">
          <reporter-output>
          </reporter-output>
        </test-method> <!-- bookingTestacaseOne -->
      </class> <!-- com.Testcases.AvailabilityCheck -->
    </test> <!-- cognizant excel problemTwo testCase -->
  </suite> <!-- project Cognizant :Trivago -->
</testng-results>
